<?xml version="1.0" encoding="UTF-8"?>
<!-- Generated by org.testng.reporters.JUnitReportReporter -->
<testsuite hostname="LAPTOP-CVSMFCBE" failures="0" tests="1" name="jacks.two" time="0.020" errors="0" timestamp="2020-12-12T16:02:23 IST" skipped="0">
  <testcase classname="jacks.two" name="qa" time="0.020"/>
  <system-out/>
</testsuite> <!-- jacks.two -->
